[debug] [2023-03-16T23:40:10.785Z] ----------------------------------------------------------------------
[debug] [2023-03-16T23:40:10.786Z] Command:       C:\Users\nagav\node.exe C:\Users\nagav\AppData\Roaming\npm\node_modules\firebase-tools\lib\bin\firebase.js init hosting
[debug] [2023-03-16T23:40:10.787Z] CLI Version:   11.24.1
[debug] [2023-03-16T23:40:10.787Z] Platform:      win32
[debug] [2023-03-16T23:40:10.787Z] Node Version:  v18.12.1
[debug] [2023-03-16T23:40:10.788Z] Time:          Thu Mar 16 2023 18:40:10 GMT-0500 (Central Daylight Time)
[debug] [2023-03-16T23:40:10.788Z] ----------------------------------------------------------------------
[debug] 
[debug] [2023-03-16T23:40:10.794Z] > command requires scopes: ["email","openid","https://www.googleapis.com/auth/cloudplatformprojects.readonly","https://www.googleapis.com/auth/firebase","https://www.googleapis.com/auth/cloud-platform"]
[debug] [2023-03-16T23:40:10.795Z] > authorizing via signed-in user (venkateshdamacharla515@gmail.com)
[info] 
     ######## #### ########  ######## ########     ###     ######  ########
     ##        ##  ##     ## ##       ##     ##  ##   ##  ##       ##
     ######    ##  ########  ######   ########  #########  ######  ######
     ##        ##  ##    ##  ##       ##     ## ##     ##       ## ##
     ##       #### ##     ## ######## ########  ##     ##  ######  ########

You're about to initialize a Firebase project in this directory:

  C:\Users\nagav\OneDrive\Desktop\UReact\Food_Ordering_API

[info] 
=== Project Setup
[info] 
[info] First, let's associate this project directory with a Firebase project.
[info] You can create multiple project aliases by running firebase use --add, 
[info] but for now we'll just set up a default project.
[info] 
[info] i  If you want to create a project in a Google Cloud organization or folder, please use "firebase projects:create" instead, and return to this command when you've created the project. 
[debug] [2023-03-16T23:41:13.588Z] >>> [apiv2][query] POST https://cloudresourcemanager.googleapis.com/v1/projects [none]
[debug] [2023-03-16T23:41:13.588Z] >>> [apiv2][body] POST https://cloudresourcemanager.googleapis.com/v1/projects {"projectId":"Naga","name":"FoodOrdering"}
[debug] [2023-03-16T23:41:13.849Z] <<< [apiv2][status] POST https://cloudresourcemanager.googleapis.com/v1/projects 400
[debug] [2023-03-16T23:41:13.849Z] <<< [apiv2][body] POST https://cloudresourcemanager.googleapis.com/v1/projects {"error":{"code":400,"message":"Request contains an invalid argument.","status":"INVALID_ARGUMENT","details":[{"@type":"type.googleapis.com/google.rpc.BadRequest","fieldViolations":[{"field":"project_id","description":"project_id must be at least 6 characters long"},{"field":"project_id","description":"project_id contains invalid characters"}]},{"@type":"type.googleapis.com/google.rpc.Help","links":[{"url":"https://cloud.google.com/resource-manager/reference/rest/v1/projects"}]}]}}
[debug] [2023-03-16T23:41:13.914Z] FirebaseError: HTTP Error: 400, Request contains an invalid argument.
    at responseToError (C:\Users\nagav\AppData\Roaming\npm\node_modules\firebase-tools\lib\responseToError.js:49:12)
    at RetryOperation._fn (C:\Users\nagav\AppData\Roaming\npm\node_modules\firebase-tools\lib\apiv2.js:288:77)
    at process.processTicksAndRejections (node:internal/process/task_queues:95:5)
[error] 
[error] Error: Failed to create project. See firebase-debug.log for more info.
[debug] [2023-03-16T23:41:14.182Z] Error: EPERM: operation not permitted, open 'C:\Users\nagav\.config\configstore\firebase-tools.json.3050480648'
    at Object.openSync (node:fs:600:3)
    at Function.writeFileSync [as sync] (C:\Users\nagav\AppData\Roaming\npm\node_modules\firebase-tools\node_modules\write-file-atomic\index.js:205:13)
    at set all [as all] (C:\Users\nagav\AppData\Roaming\npm\node_modules\firebase-tools\node_modules\configstore\index.js:61:20)
    at Configstore.set (C:\Users\nagav\AppData\Roaming\npm\node_modules\firebase-tools\node_modules\configstore\index.js:91:12)
    at process.<anonymous> (C:\Users\nagav\AppData\Roaming\npm\node_modules\firebase-tools\lib\bin\firebase.js:102:35)
    at process.emit (node:events:525:35)
    at process.processEmit [as emit] (C:\Users\nagav\AppData\Roaming\npm\node_modules\firebase-tools\node_modules\signal-exit\index.js:191:37)
    at process.exit (node:internal/process/per_thread:190:15)
    at Timeout._onTimeout (C:\Users\nagav\AppData\Roaming\npm\node_modules\firebase-tools\lib\errorOut.js:20:17)
    at listOnTimeout (node:internal/timers:564:17)
    at process.processTimers (node:internal/timers:507:7)
[error] 
[error] Error: An unexpected error has occurred.
[debug] [2023-03-16T23:46:23.774Z] ----------------------------------------------------------------------
[debug] [2023-03-16T23:46:23.776Z] Command:       C:\Users\nagav\node.exe C:\Users\nagav\AppData\Roaming\npm\node_modules\firebase-tools\lib\bin\firebase.js init hosting
[debug] [2023-03-16T23:46:23.776Z] CLI Version:   11.24.1
[debug] [2023-03-16T23:46:23.776Z] Platform:      win32
[debug] [2023-03-16T23:46:23.776Z] Node Version:  v18.12.1
[debug] [2023-03-16T23:46:23.777Z] Time:          Thu Mar 16 2023 18:46:23 GMT-0500 (Central Daylight Time)
[debug] [2023-03-16T23:46:23.778Z] ----------------------------------------------------------------------
[debug] 
[debug] [2023-03-16T23:46:23.784Z] > command requires scopes: ["email","openid","https://www.googleapis.com/auth/cloudplatformprojects.readonly","https://www.googleapis.com/auth/firebase","https://www.googleapis.com/auth/cloud-platform"]
[debug] [2023-03-16T23:46:23.784Z] > authorizing via signed-in user (venkateshdamacharla515@gmail.com)
[info] 
     ######## #### ########  ######## ########     ###     ######  ########
     ##        ##  ##     ## ##       ##     ##  ##   ##  ##       ##
     ######    ##  ########  ######   ########  #########  ######  ######
     ##        ##  ##    ##  ##       ##     ## ##     ##       ## ##
     ##       #### ##     ## ######## ########  ##     ##  ######  ########

You're about to initialize a Firebase project in this directory:

  C:\Users\nagav\OneDrive\Desktop\UReact\Food_Ordering_API

[info] 
=== Project Setup
[info] 
[info] First, let's associate this project directory with a Firebase project.
[info] You can create multiple project aliases by running firebase use --add, 
[info] but for now we'll just set up a default project.
[info] 
[debug] [2023-03-16T23:46:29.255Z] >>> [apiv2][query] GET https://firebase.googleapis.com/v1beta1/projects pageSize=100
[debug] [2023-03-16T23:46:29.577Z] <<< [apiv2][status] GET https://firebase.googleapis.com/v1beta1/projects 200
[debug] [2023-03-16T23:46:29.577Z] <<< [apiv2][body] GET https://firebase.googleapis.com/v1beta1/projects [omitted]
[info] i  Using project nagafoodorderingapp (nagafoodordering) 
[debug] [2023-03-16T23:46:36.624Z] Error: EPERM: operation not permitted, open 'C:\Users\nagav\.config\configstore\firebase-tools.json.4249064861'
    at Object.openSync (node:fs:600:3)
    at Function.writeFileSync [as sync] (C:\Users\nagav\AppData\Roaming\npm\node_modules\firebase-tools\node_modules\write-file-atomic\index.js:205:13)
    at set all [as all] (C:\Users\nagav\AppData\Roaming\npm\node_modules\firebase-tools\node_modules\configstore\index.js:61:20)
    at Configstore.set (C:\Users\nagav\AppData\Roaming\npm\node_modules\firebase-tools\node_modules\configstore\index.js:91:12)
    at Object.makeActiveProject (C:\Users\nagav\AppData\Roaming\npm\node_modules\firebase-tools\lib\utils.js:183:31)
    at doSetup (C:\Users\nagav\AppData\Roaming\npm\node_modules\firebase-tools\lib\init\features\project.js:99:11)
    at process.processTicksAndRejections (node:internal/process/task_queues:95:5)
    at async init (C:\Users\nagav\AppData\Roaming\npm\node_modules\firebase-tools\lib\init\index.js:36:9)
[error] 
[error] Error: An unexpected error has occurred.
[debug] [2023-03-16T23:46:36.902Z] Error: EPERM: operation not permitted, open 'C:\Users\nagav\.config\configstore\firebase-tools.json.4167568550'
    at Object.openSync (node:fs:600:3)
    at Function.writeFileSync [as sync] (C:\Users\nagav\AppData\Roaming\npm\node_modules\firebase-tools\node_modules\write-file-atomic\index.js:205:13)
    at set all [as all] (C:\Users\nagav\AppData\Roaming\npm\node_modules\firebase-tools\node_modules\configstore\index.js:61:20)
    at Configstore.set (C:\Users\nagav\AppData\Roaming\npm\node_modules\firebase-tools\node_modules\configstore\index.js:91:12)
    at process.<anonymous> (C:\Users\nagav\AppData\Roaming\npm\node_modules\firebase-tools\lib\bin\firebase.js:102:35)
    at process.emit (node:events:525:35)
    at process.processEmit [as emit] (C:\Users\nagav\AppData\Roaming\npm\node_modules\firebase-tools\node_modules\signal-exit\index.js:191:37)
    at process.exit (node:internal/process/per_thread:190:15)
    at Timeout._onTimeout (C:\Users\nagav\AppData\Roaming\npm\node_modules\firebase-tools\lib\errorOut.js:20:17)
    at listOnTimeout (node:internal/timers:564:17)
    at process.processTimers (node:internal/timers:507:7)
[error] 
[error] Error: An unexpected error has occurred.
